--------------------------------------------------------------------------------
[Jul 17, 2021, 10:47:36.6 AM:ERROR:refill_unblinded_tokens.cc(189)] Failed to get signed tokens
--------------------------------------------------------------------------------
[Jul 17, 2021, 11:26:14.3 AM:ERROR:get_parameters.cc(53)] Unexpected HTTP status: -1
[Jul 17, 2021, 11:26:18.8 AM:ERROR:get_available.cc(69)] Unexpected HTTP status: -1
--------------------------------------------------------------------------------
[Jul 17, 2021, 5:02:33.1 PM:ERROR:get_parameters.cc(53)] Unexpected HTTP status: -1
[Jul 17, 2021, 5:04:20.1 PM:ERROR:get_parameters.cc(53)] Unexpected HTTP status: -1
[Jul 17, 2021, 5:13:20.2 PM:ERROR:get_parameters.cc(53)] Unexpected HTTP status: -1
[Jul 17, 2021, 5:26:13.2 PM:ERROR:get_parameters.cc(53)] Unexpected HTTP status: -1
[Jul 17, 2021, 5:26:36.3 PM:ERROR:get_parameters.cc(53)] Unexpected HTTP status: -1
[Jul 17, 2021, 5:35:09.3 PM:ERROR:get_parameters.cc(53)] Unexpected HTTP status: -1
[Jul 17, 2021, 5:44:48.4 PM:ERROR:get_parameters.cc(53)] Unexpected HTTP status: -1
[Jul 17, 2021, 5:54:48.4 PM:ERROR:get_parameters.cc(53)] Unexpected HTTP status: -1
[Jul 17, 2021, 6:09:55.4 PM:ERROR:get_parameters.cc(53)] Unexpected HTTP status: -1
[Jul 17, 2021, 6:21:06.5 PM:ERROR:get_parameters.cc(53)] Unexpected HTTP status: -1
[Jul 17, 2021, 6:29:53.5 PM:ERROR:get_parameters.cc(53)] Unexpected HTTP status: -1
[Jul 17, 2021, 6:39:02.6 PM:ERROR:get_parameters.cc(53)] Unexpected HTTP status: -1
[Jul 17, 2021, 6:47:32.6 PM:ERROR:get_parameters.cc(53)] Unexpected HTTP status: -1
[Jul 17, 2021, 7:00:21.7 PM:ERROR:get_parameters.cc(53)] Unexpected HTTP status: -1
[Jul 17, 2021, 7:00:56.7 PM:ERROR:get_parameters.cc(53)] Unexpected HTTP status: -1
[Jul 17, 2021, 7:05:38.7 PM:ERROR:get_parameters.cc(53)] Unexpected HTTP status: -1
[Jul 17, 2021, 7:17:35.8 PM:ERROR:get_parameters.cc(53)] Unexpected HTTP status: -1
[Jul 17, 2021, 7:28:33.8 PM:ERROR:get_parameters.cc(53)] Unexpected HTTP status: -1
[Jul 17, 2021, 7:40:32.9 PM:ERROR:get_parameters.cc(53)] Unexpected HTTP status: -1
[Jul 17, 2021, 7:43:54.0 PM:ERROR:get_parameters.cc(53)] Unexpected HTTP status: -1
[Jul 17, 2021, 8:13:28.0 PM:ERROR:get_parameters.cc(53)] Unexpected HTTP status: -1
[Jul 17, 2021, 8:16:22.1 PM:ERROR:get_parameters.cc(53)] Unexpected HTTP status: -1
[Jul 17, 2021, 8:20:22.1 PM:ERROR:get_parameters.cc(53)] Unexpected HTTP status: -1
[Jul 17, 2021, 8:36:08.1 PM:ERROR:get_parameters.cc(53)] Unexpected HTTP status: -1
[Jul 17, 2021, 8:37:02.2 PM:ERROR:get_parameters.cc(53)] Unexpected HTTP status: -1
[Jul 17, 2021, 8:42:48.2 PM:ERROR:get_parameters.cc(53)] Unexpected HTTP status: -1
[Jul 17, 2021, 8:52:27.3 PM:ERROR:get_parameters.cc(53)] Unexpected HTTP status: -1
[Jul 17, 2021, 8:59:24.3 PM:ERROR:get_parameters.cc(53)] Unexpected HTTP status: -1
[Jul 17, 2021, 9:00:47.3 PM:ERROR:get_parameters.cc(53)] Unexpected HTTP status: -1
[Jul 17, 2021, 9:07:14.4 PM:ERROR:get_parameters.cc(53)] Unexpected HTTP status: -1
[Jul 17, 2021, 9:15:32.4 PM:ERROR:get_parameters.cc(53)] Unexpected HTTP status: -1
[Jul 17, 2021, 9:20:27.5 PM:ERROR:get_parameters.cc(53)] Unexpected HTTP status: -1
[Jul 17, 2021, 9:25:13.5 PM:ERROR:get_parameters.cc(53)] Unexpected HTTP status: -1
[Jul 17, 2021, 9:44:51.5 PM:ERROR:get_parameters.cc(53)] Unexpected HTTP status: -1
[Jul 17, 2021, 9:52:24.6 PM:ERROR:get_parameters.cc(53)] Unexpected HTTP status: -1
[Jul 17, 2021, 9:54:36.6 PM:ERROR:get_parameters.cc(53)] Unexpected HTTP status: -1
[Jul 17, 2021, 10:09:46.7 PM:ERROR:get_parameters.cc(53)] Unexpected HTTP status: -1
[Jul 17, 2021, 10:28:38.7 PM:ERROR:get_parameters.cc(53)] Unexpected HTTP status: -1
[Jul 17, 2021, 10:40:04.8 PM:ERROR:get_parameters.cc(53)] Unexpected HTTP status: -1
[Jul 17, 2021, 10:43:32.8 PM:ERROR:get_parameters.cc(53)] Unexpected HTTP status: -1
[Jul 17, 2021, 10:47:47.8 PM:ERROR:get_parameters.cc(53)] Unexpected HTTP status: -1
[Jul 17, 2021, 10:55:00.9 PM:ERROR:get_parameters.cc(53)] Unexpected HTTP status: -1
[Jul 17, 2021, 11:03:48.9 PM:ERROR:get_parameters.cc(53)] Unexpected HTTP status: -1
[Jul 17, 2021, 11:05:15.9 PM:ERROR:get_parameters.cc(53)] Unexpected HTTP status: -1
[Jul 17, 2021, 11:43:47.9 PM:ERROR:get_parameters.cc(53)] Unexpected HTTP status: -1
[Jul 17, 2021, 11:57:47.0 PM:ERROR:get_parameters.cc(53)] Unexpected HTTP status: -1
[Jul 18, 2021, 12:01:36.0 AM:ERROR:get_parameters.cc(53)] Unexpected HTTP status: -1
[Jul 18, 2021, 12:25:14.0 AM:ERROR:get_parameters.cc(53)] Unexpected HTTP status: -1
[Jul 18, 2021, 12:58:05.1 AM:ERROR:get_parameters.cc(53)] Unexpected HTTP status: -1
[Jul 18, 2021, 1:00:51.1 AM:ERROR:get_parameters.cc(53)] Unexpected HTTP status: -1
[Jul 18, 2021, 1:06:56.2 AM:ERROR:get_parameters.cc(53)] Unexpected HTTP status: -1
[Jul 18, 2021, 1:17:46.2 AM:ERROR:get_parameters.cc(53)] Unexpected HTTP status: -1
[Jul 18, 2021, 1:28:56.3 AM:ERROR:get_parameters.cc(53)] Unexpected HTTP status: -1
[Jul 18, 2021, 1:35:42.3 AM:ERROR:get_parameters.cc(53)] Unexpected HTTP status: -1
[Jul 18, 2021, 1:51:07.3 AM:ERROR:get_parameters.cc(53)] Unexpected HTTP status: -1
[Jul 18, 2021, 1:58:59.4 AM:ERROR:get_parameters.cc(53)] Unexpected HTTP status: -1
[Jul 18, 2021, 2:04:24.4 AM:ERROR:get_parameters.cc(53)] Unexpected HTTP status: -1
[Jul 18, 2021, 2:12:56.5 AM:ERROR:get_parameters.cc(53)] Unexpected HTTP status: -1
[Jul 18, 2021, 2:21:22.6 AM:ERROR:get_parameters.cc(53)] Unexpected HTTP status: -1
[Jul 18, 2021, 2:24:47.6 AM:ERROR:get_parameters.cc(53)] Unexpected HTTP status: -1
[Jul 18, 2021, 2:33:07.6 AM:ERROR:get_parameters.cc(53)] Unexpected HTTP status: -1
[Jul 18, 2021, 2:43:11.7 AM:ERROR:get_parameters.cc(53)] Unexpected HTTP status: -1
[Jul 18, 2021, 2:52:21.7 AM:ERROR:get_parameters.cc(53)] Unexpected HTTP status: -1
[Jul 18, 2021, 3:26:11.7 AM:ERROR:get_parameters.cc(53)] Unexpected HTTP status: -1
[Jul 18, 2021, 3:28:55.7 AM:ERROR:get_parameters.cc(53)] Unexpected HTTP status: -1
[Jul 18, 2021, 3:38:13.8 AM:ERROR:get_parameters.cc(53)] Unexpected HTTP status: -1
[Jul 18, 2021, 4:15:44.8 AM:ERROR:get_parameters.cc(53)] Unexpected HTTP status: -1
[Jul 18, 2021, 4:28:24.8 AM:ERROR:get_parameters.cc(53)] Unexpected HTTP status: -1
[Jul 18, 2021, 4:38:27.8 AM:ERROR:get_parameters.cc(53)] Unexpected HTTP status: -1
[Jul 18, 2021, 5:03:07.9 AM:ERROR:get_parameters.cc(53)] Unexpected HTTP status: -1
[Jul 18, 2021, 5:11:17.9 AM:ERROR:get_parameters.cc(53)] Unexpected HTTP status: -1
[Jul 18, 2021, 5:26:14.9 AM:ERROR:get_parameters.cc(53)] Unexpected HTTP status: -1
[Jul 18, 2021, 5:28:26.0 AM:ERROR:get_parameters.cc(53)] Unexpected HTTP status: -1
[Jul 18, 2021, 5:47:12.0 AM:ERROR:get_parameters.cc(53)] Unexpected HTTP status: -1
[Jul 18, 2021, 5:49:28.0 AM:ERROR:get_parameters.cc(53)] Unexpected HTTP status: -1
[Jul 18, 2021, 5:54:08.1 AM:ERROR:get_parameters.cc(53)] Unexpected HTTP status: -1
[Jul 18, 2021, 6:02:10.1 AM:ERROR:get_parameters.cc(53)] Unexpected HTTP status: -1
[Jul 18, 2021, 6:03:49.2 AM:ERROR:get_parameters.cc(53)] Unexpected HTTP status: -1
[Jul 18, 2021, 6:16:38.2 AM:ERROR:get_parameters.cc(53)] Unexpected HTTP status: -1
[Jul 18, 2021, 6:25:19.2 AM:ERROR:get_parameters.cc(53)] Unexpected HTTP status: -1
[Jul 18, 2021, 6:38:44.3 AM:ERROR:get_parameters.cc(53)] Unexpected HTTP status: -1
[Jul 18, 2021, 6:46:05.3 AM:ERROR:get_parameters.cc(53)] Unexpected HTTP status: -1
[Jul 18, 2021, 6:54:01.4 AM:ERROR:get_parameters.cc(53)] Unexpected HTTP status: -1
[Jul 18, 2021, 6:56:16.4 AM:ERROR:get_parameters.cc(53)] Unexpected HTTP status: -1
[Jul 18, 2021, 7:16:13.5 AM:ERROR:get_parameters.cc(53)] Unexpected HTTP status: -1
[Jul 18, 2021, 7:17:45.5 AM:ERROR:get_parameters.cc(53)] Unexpected HTTP status: -1
[Jul 18, 2021, 7:24:00.5 AM:ERROR:get_parameters.cc(53)] Unexpected HTTP status: -1
[Jul 18, 2021, 7:35:44.6 AM:ERROR:get_parameters.cc(53)] Unexpected HTTP status: -1
[Jul 18, 2021, 7:50:39.6 AM:ERROR:get_parameters.cc(53)] Unexpected HTTP status: -1
[Jul 18, 2021, 7:53:11.7 AM:ERROR:get_parameters.cc(53)] Unexpected HTTP status: -1
[Jul 18, 2021, 8:17:36.7 AM:ERROR:get_parameters.cc(53)] Unexpected HTTP status: -1
[Jul 18, 2021, 8:20:52.7 AM:ERROR:get_parameters.cc(53)] Unexpected HTTP status: -1
[Jul 18, 2021, 8:58:31.8 AM:ERROR:get_parameters.cc(53)] Unexpected HTTP status: -1
[Jul 18, 2021, 9:22:53.8 AM:ERROR:get_parameters.cc(53)] Unexpected HTTP status: -1
[Jul 18, 2021, 9:48:50.9 AM:ERROR:get_parameters.cc(53)] Unexpected HTTP status: -1
[Jul 18, 2021, 9:54:53.9 AM:ERROR:get_parameters.cc(53)] Unexpected HTTP status: -1
[Jul 18, 2021, 10:00:35.9 AM:ERROR:get_parameters.cc(53)] Unexpected HTTP status: -1
[Jul 18, 2021, 10:03:43.0 AM:ERROR:get_parameters.cc(53)] Unexpected HTTP status: -1
[Jul 18, 2021, 10:08:13.0 AM:ERROR:get_parameters.cc(53)] Unexpected HTTP status: -1
[Jul 18, 2021, 10:35:10.1 AM:ERROR:get_parameters.cc(53)] Unexpected HTTP status: -1
[Jul 18, 2021, 10:52:39.1 AM:ERROR:get_parameters.cc(53)] Unexpected HTTP status: -1
[Jul 18, 2021, 11:00:52.1 AM:ERROR:get_parameters.cc(53)] Unexpected HTTP status: -1
[Jul 18, 2021, 11:10:04.2 AM:ERROR:get_parameters.cc(53)] Unexpected HTTP status: -1
[Jul 18, 2021, 11:17:59.2 AM:ERROR:get_parameters.cc(53)] Unexpected HTTP status: -1
[Jul 18, 2021, 11:23:33.3 AM:ERROR:get_parameters.cc(53)] Unexpected HTTP status: -1
[Jul 18, 2021, 11:27:03.3 AM:ERROR:get_parameters.cc(53)] Unexpected HTTP status: -1
[Jul 18, 2021, 11:35:04.3 AM:ERROR:get_parameters.cc(53)] Unexpected HTTP status: -1
[Jul 18, 2021, 11:40:47.4 AM:ERROR:get_parameters.cc(53)] Unexpected HTTP status: -1
[Jul 18, 2021, 11:59:12.4 AM:ERROR:get_parameters.cc(53)] Unexpected HTTP status: -1
[Jul 18, 2021, 12:15:27.5 PM:ERROR:get_parameters.cc(53)] Unexpected HTTP status: -1
[Jul 18, 2021, 12:27:52.5 PM:ERROR:get_parameters.cc(53)] Unexpected HTTP status: -1
[Jul 18, 2021, 12:45:11.6 PM:ERROR:get_parameters.cc(53)] Unexpected HTTP status: -1
[Jul 18, 2021, 12:47:11.6 PM:ERROR:get_parameters.cc(53)] Unexpected HTTP status: -1
[Jul 18, 2021, 12:50:29.7 PM:ERROR:get_parameters.cc(53)] Unexpected HTTP status: -1
[Jul 18, 2021, 12:53:52.7 PM:ERROR:get_parameters.cc(53)] Unexpected HTTP status: -1
[Jul 18, 2021, 1:09:03.8 PM:ERROR:get_parameters.cc(53)] Unexpected HTTP status: -1
[Jul 18, 2021, 1:10:54.9 PM:ERROR:get_parameters.cc(53)] Unexpected HTTP status: -1
[Jul 18, 2021, 1:35:10.9 PM:ERROR:get_parameters.cc(53)] Unexpected HTTP status: -1
[Jul 18, 2021, 1:36:41.0 PM:ERROR:get_parameters.cc(53)] Unexpected HTTP status: -1
[Jul 18, 2021, 1:38:58.0 PM:ERROR:get_parameters.cc(53)] Unexpected HTTP status: -1
[Jul 18, 2021, 1:41:59.0 PM:ERROR:get_parameters.cc(53)] Unexpected HTTP status: -1
[Jul 18, 2021, 1:45:26.6 PM:ERROR:get_available.cc(69)] Unexpected HTTP status: -1
[Jul 18, 2021, 2:01:17.1 PM:ERROR:get_parameters.cc(53)] Unexpected HTTP status: -1
[Jul 18, 2021, 2:11:24.1 PM:ERROR:get_parameters.cc(53)] Unexpected HTTP status: -1
[Jul 18, 2021, 2:11:56.1 PM:ERROR:get_parameters.cc(53)] Unexpected HTTP status: -1
[Jul 18, 2021, 2:16:33.1 PM:ERROR:get_parameters.cc(53)] Unexpected HTTP status: -1
[Jul 18, 2021, 2:23:23.2 PM:ERROR:get_parameters.cc(53)] Unexpected HTTP status: -1
[Jul 18, 2021, 2:29:25.2 PM:ERROR:get_parameters.cc(53)] Unexpected HTTP status: -1
[Jul 18, 2021, 2:36:20.3 PM:ERROR:get_parameters.cc(53)] Unexpected HTTP status: -1
[Jul 18, 2021, 2:42:13.3 PM:ERROR:get_parameters.cc(53)] Unexpected HTTP status: -1
[Jul 18, 2021, 2:50:35.4 PM:ERROR:get_parameters.cc(53)] Unexpected HTTP status: -1
[Jul 18, 2021, 3:08:17.4 PM:ERROR:get_parameters.cc(53)] Unexpected HTTP status: -1
[Jul 18, 2021, 3:09:05.4 PM:ERROR:get_parameters.cc(53)] Unexpected HTTP status: -1
[Jul 18, 2021, 3:11:25.5 PM:ERROR:get_parameters.cc(53)] Unexpected HTTP status: -1
[Jul 18, 2021, 3:13:27.5 PM:ERROR:get_parameters.cc(53)] Unexpected HTTP status: -1
[Jul 18, 2021, 3:17:34.6 PM:ERROR:get_parameters.cc(53)] Unexpected HTTP status: -1
[Jul 18, 2021, 3:24:03.6 PM:ERROR:get_parameters.cc(53)] Unexpected HTTP status: -1
[Jul 18, 2021, 3:30:12.6 PM:ERROR:get_parameters.cc(53)] Unexpected HTTP status: -1
[Jul 18, 2021, 3:44:53.7 PM:ERROR:get_parameters.cc(53)] Unexpected HTTP status: -1
[Jul 18, 2021, 3:49:04.7 PM:ERROR:get_parameters.cc(53)] Unexpected HTTP status: -1
[Jul 18, 2021, 4:05:33.8 PM:ERROR:get_parameters.cc(53)] Unexpected HTTP status: -1
[Jul 18, 2021, 4:08:56.8 PM:ERROR:get_parameters.cc(53)] Unexpected HTTP status: -1
[Jul 18, 2021, 4:11:13.8 PM:ERROR:get_parameters.cc(53)] Unexpected HTTP status: -1
[Jul 18, 2021, 4:16:44.9 PM:ERROR:get_parameters.cc(53)] Unexpected HTTP status: -1
[Jul 18, 2021, 4:34:33.0 PM:ERROR:get_parameters.cc(53)] Unexpected HTTP status: -1
[Jul 18, 2021, 4:36:29.1 PM:ERROR:get_parameters.cc(53)] Unexpected HTTP status: -1
[Jul 18, 2021, 4:39:23.2 PM:ERROR:get_parameters.cc(53)] Unexpected HTTP status: -1
[Jul 18, 2021, 5:03:47.2 PM:ERROR:get_parameters.cc(53)] Unexpected HTTP status: -1
[Jul 18, 2021, 5:07:21.3 PM:ERROR:get_parameters.cc(53)] Unexpected HTTP status: -1
[Jul 18, 2021, 5:15:52.4 PM:ERROR:get_parameters.cc(53)] Unexpected HTTP status: -1
[Jul 18, 2021, 5:17:09.4 PM:ERROR:get_parameters.cc(53)] Unexpected HTTP status: -1
[Jul 18, 2021, 5:18:19.4 PM:ERROR:get_parameters.cc(53)] Unexpected HTTP status: -1
[Jul 18, 2021, 5:18:49.5 PM:ERROR:get_parameters.cc(53)] Unexpected HTTP status: -1
[Jul 18, 2021, 5:26:09.5 PM:ERROR:get_parameters.cc(53)] Unexpected HTTP status: -1
[Jul 18, 2021, 5:44:51.6 PM:ERROR:get_parameters.cc(53)] Unexpected HTTP status: -1
[Jul 18, 2021, 5:45:18.6 PM:ERROR:get_parameters.cc(53)] Unexpected HTTP status: -1
[Jul 18, 2021, 5:55:43.6 PM:ERROR:get_parameters.cc(53)] Unexpected HTTP status: -1
[Jul 18, 2021, 6:05:09.7 PM:ERROR:get_parameters.cc(53)] Unexpected HTTP status: -1
[Jul 18, 2021, 6:25:31.7 PM:ERROR:get_parameters.cc(53)] Unexpected HTTP status: -1
[Jul 18, 2021, 6:29:19.8 PM:ERROR:get_parameters.cc(53)] Unexpected HTTP status: -1
[Jul 18, 2021, 6:37:47.8 PM:ERROR:get_parameters.cc(53)] Unexpected HTTP status: -1
[Jul 18, 2021, 6:38:11.9 PM:ERROR:get_parameters.cc(53)] Unexpected HTTP status: -1
[Jul 18, 2021, 6:40:08.9 PM:ERROR:get_parameters.cc(53)] Unexpected HTTP status: -1
[Jul 18, 2021, 6:43:34.0 PM:ERROR:get_parameters.cc(53)] Unexpected HTTP status: -1
[Jul 18, 2021, 7:08:21.0 PM:ERROR:get_parameters.cc(53)] Unexpected HTTP status: -1
[Jul 18, 2021, 7:12:19.1 PM:ERROR:get_parameters.cc(53)] Unexpected HTTP status: -1
[Jul 18, 2021, 7:22:00.1 PM:ERROR:get_parameters.cc(53)] Unexpected HTTP status: -1
[Jul 18, 2021, 7:26:43.2 PM:ERROR:get_parameters.cc(53)] Unexpected HTTP status: -1
[Jul 18, 2021, 7:31:40.3 PM:ERROR:get_parameters.cc(53)] Unexpected HTTP status: -1
[Jul 18, 2021, 7:54:42.3 PM:ERROR:get_parameters.cc(53)] Unexpected HTTP status: -1
[Jul 18, 2021, 8:24:10.3 PM:ERROR:get_parameters.cc(53)] Unexpected HTTP status: -1
[Jul 18, 2021, 8:31:48.4 PM:ERROR:get_parameters.cc(53)] Unexpected HTTP status: -1
--------------------------------------------------------------------------------
[Jul 19, 2021, 12:19:08.4 AM:ERROR:get_parameters.cc(53)] Unexpected HTTP status: -1
[Jul 19, 2021, 12:22:35.4 AM:ERROR:get_parameters.cc(53)] Unexpected HTTP status: -1
[Jul 19, 2021, 12:31:29.4 AM:ERROR:get_parameters.cc(53)] Unexpected HTTP status: -1
[Jul 19, 2021, 12:33:48.5 AM:ERROR:get_parameters.cc(53)] Unexpected HTTP status: -1
[Jul 19, 2021, 12:35:39.5 AM:ERROR:get_parameters.cc(53)] Unexpected HTTP status: -1
[Jul 19, 2021, 12:36:52.5 AM:ERROR:get_parameters.cc(53)] Unexpected HTTP status: -1
[Jul 19, 2021, 12:51:39.6 AM:ERROR:get_parameters.cc(53)] Unexpected HTTP status: -1
[Jul 19, 2021, 1:02:45.6 AM:ERROR:get_parameters.cc(53)] Unexpected HTTP status: -1
[Jul 19, 2021, 1:08:06.7 AM:ERROR:get_parameters.cc(53)] Unexpected HTTP status: -1
[Jul 19, 2021, 1:22:40.7 AM:ERROR:get_parameters.cc(53)] Unexpected HTTP status: -1
[Jul 19, 2021, 1:24:18.7 AM:ERROR:get_parameters.cc(53)] Unexpected HTTP status: -1
[Jul 19, 2021, 1:35:17.8 AM:ERROR:get_parameters.cc(53)] Unexpected HTTP status: -1
--------------------------------------------------------------------------------
[Jul 20, 2021, 9:37:45.8 AM:ERROR:get_parameters.cc(53)] Unexpected HTTP status: -1
[Jul 20, 2021, 9:37:46.5 AM:ERROR:get_available.cc(69)] Unexpected HTTP status: -1
[Jul 20, 2021, 9:44:36.9 AM:ERROR:get_parameters.cc(53)] Unexpected HTTP status: -1
[Jul 20, 2021, 9:46:22.9 AM:ERROR:get_parameters.cc(53)] Unexpected HTTP status: -1
[Jul 20, 2021, 9:54:04.0 AM:ERROR:get_parameters.cc(53)] Unexpected HTTP status: -1
